# JRE version: Java(TM) SE Runtime Environment (17.0.12+8) (build 17.0.12+8-LTS-286)
# Java VM: Java HotSpot(TM) 64-Bit Server VM (17.0.12+8-LTS-286, mixed mode, emulated-client, sharing, tiered, compressed oops, compressed class ptrs, g1 gc, windows-amd64)
GC Precious Log:
 CPUs: 12 total, 12 available
 Memory: 16193M
 Large Page Support: Disabled
 NUMA Support: Disabled
 Compressed Oops: Enabled (Zero based)
 Heap Region Size: 2M
 Heap Min Capacity: 8M
 Heap Initial Capacity: 254M
 Heap Max Capacity: 4050M
 Pre-touch: Disabled
 Parallel Workers: 10
 Concurrent Workers: 3
 Concurrent Refinement Workers: 10
 Periodic GC: Disabled
Heap:
 garbage-first heap   total 83968K, used 24217K [0x0000000702e00000, 0x0000000800000000)
  region size 2048K, 4 young (8192K), 2 survivors (4096K)
 Metaspace       used 36278K, committed 36672K, reserved 1114112K
  class space    used 5251K, committed 5440K, reserved 1048576K
GC Heap History (14 events):
Event: 0.268 GC heap before
{Heap before GC invocations=0 (full 0):
 garbage-first heap   total 260096K, used 20480K [0x0000000702e00000, 0x0000000800000000)
  region size 2048K, 11 young (22528K), 0 survivors (0K)
 Metaspace       used 4015K, committed 4160K, reserved 1114112K
  class space    used 532K, committed 576K, reserved 1048576K
}
Event: 0.271 GC heap after
{Heap after GC invocations=1 (full 0):
 garbage-first heap   total 260096K, used 7915K [0x0000000702e00000, 0x0000000800000000)
  region size 2048K, 2 young (4096K), 2 survivors (4096K)
 Metaspace       used 4015K, committed 4160K, reserved 1114112K
  class space    used 532K, committed 576K, reserved 1048576K
}
Event: 0.505 GC heap before
{Heap before GC invocations=1 (full 0):
 garbage-first heap   total 260096K, used 30443K [0x0000000702e00000, 0x0000000800000000)
  region size 2048K, 13 young (26624K), 2 survivors (4096K)
 Metaspace       used 8588K, committed 8896K, reserved 1114112K
  class space    used 1271K, committed 1408K, reserved 1048576K
}
Event: 0.508 GC heap after
{Heap after GC invocations=2 (full 0):
 garbage-first heap   total 260096K, used 9424K [0x0000000702e00000, 0x0000000800000000)
  region size 2048K, 1 young (2048K), 1 survivors (2048K)
 Metaspace       used 8588K, committed 8896K, reserved 1114112K
  class space    used 1271K, committed 1408K, reserved 1048576K
}
Event: 0.797 GC heap before
{Heap before GC invocations=2 (full 0):
 garbage-first heap   total 260096K, used 60624K [0x0000000702e00000, 0x0000000800000000)
  region size 2048K, 27 young (55296K), 1 survivors (2048K)
 Metaspace       used 18173K, committed 18432K, reserved 1114112K
  class space    used 2526K, committed 2624K, reserved 1048576K
}
Event: 0.801 GC heap after
{Heap after GC invocations=3 (full 0):
 garbage-first heap   total 260096K, used 14158K [0x0000000702e00000, 0x0000000800000000)
  region size 2048K, 4 young (8192K), 4 survivors (8192K)
 Metaspace       used 18173K, committed 18432K, reserved 1114112K
  class space    used 2526K, committed 2624K, reserved 1048576K
}
Event: 1.049 GC heap before
{Heap before GC invocations=3 (full 0):
 garbage-first heap   total 260096K, used 48974K [0x0000000702e00000, 0x0000000800000000)
  region size 2048K, 22 young (45056K), 4 survivors (8192K)
 Metaspace       used 21249K, committed 21504K, reserved 1114112K
  class space    used 2939K, committed 3072K, reserved 1048576K
}
Event: 1.052 GC heap after
{Heap after GC invocations=4 (full 0):
 garbage-first heap   total 260096K, used 16030K [0x0000000702e00000, 0x0000000800000000)
  region size 2048K, 5 young (10240K), 5 survivors (10240K)
 Metaspace       used 21249K, committed 21504K, reserved 1114112K
  class space    used 2939K, committed 3072K, reserved 1048576K
}
Event: 1.367 GC heap before
{Heap before GC invocations=5 (full 0):
 garbage-first heap   total 69632K, used 50846K [0x0000000702e00000, 0x0000000800000000)
  region size 2048K, 23 young (47104K), 5 survivors (10240K)
 Metaspace       used 26030K, committed 26368K, reserved 1114112K
  class space    used 3737K, committed 3904K, reserved 1048576K
}
Event: 1.372 GC heap after
{Heap after GC invocations=6 (full 0):
 garbage-first heap   total 83968K, used 19503K [0x0000000702e00000, 0x0000000800000000)
  region size 2048K, 3 young (6144K), 3 survivors (6144K)
 Metaspace       used 26030K, committed 26368K, reserved 1114112K
  class space    used 3737K, committed 3904K, reserved 1048576K
}
Event: 1.727 GC heap before
{Heap before GC invocations=6 (full 0):
 garbage-first heap   total 83968K, used 58415K [0x0000000702e00000, 0x0000000800000000)
  region size 2048K, 22 young (45056K), 3 survivors (6144K)
 Metaspace       used 32489K, committed 32960K, reserved 1114112K
  class space    used 4613K, committed 4864K, reserved 1048576K
}
Event: 1.730 GC heap after
{Heap after GC invocations=7 (full 0):
 garbage-first heap   total 83968K, used 21776K [0x0000000702e00000, 0x0000000800000000)
  region size 2048K, 3 young (6144K), 3 survivors (6144K)
 Metaspace       used 32489K, committed 32960K, reserved 1114112K
  class space    used 4613K, committed 4864K, reserved 1048576K
}
Event: 1.854 GC heap before
{Heap before GC invocations=7 (full 0):
 garbage-first heap   total 83968K, used 36112K [0x0000000702e00000, 0x0000000800000000)
  region size 2048K, 11 young (22528K), 3 survivors (6144K)
 Metaspace       used 35533K, committed 35968K, reserved 1114112K
  class space    used 5140K, committed 5376K, reserved 1048576K
}
Event: 1.857 GC heap after
{Heap after GC invocations=8 (full 0):
 garbage-first heap   total 83968K, used 22169K [0x0000000702e00000, 0x0000000800000000)
  region size 2048K, 2 young (4096K), 2 survivors (4096K)
 Metaspace       used 35533K, committed 35968K, reserved 1114112K
  class space    used 5140K, committed 5376K, reserved 1048576K
}

